<?xml version="1.0" encoding="UTF-8"?>
<robot generator="Robot 7.0 (Python 3.12.3 on darwin)" generated="2024-12-03T23:23:37.364175" rpa="false" schemaversion="5">
<suite id="s1" name="Shopping Test" source="/Users/natty/Documents/test1/aperture/shopping_test.robot">
<test id="s1-t1" name="first page" line="117">
<kw name="go to website">
<kw name="Open Browser" owner="SeleniumLibrary">
<msg time="2024-12-03T23:23:37.490857" level="INFO">Opening browser 'chrome' to base url 'https://www.saucedemo.com/'.</msg>
<arg>https://www.saucedemo.com/</arg>
<arg>chrome</arg>
<doc>Opens a new browser instance to the optional ``url``.</doc>
<status status="PASS" start="2024-12-03T23:23:37.490726" elapsed="1.926024"/>
</kw>
<kw name="Maximize Browser Window" owner="SeleniumLibrary">
<doc>Maximizes current browser window.</doc>
<status status="PASS" start="2024-12-03T23:23:39.418431" elapsed="0.314123"/>
</kw>
<kw name="Run Keyword And Return Status" owner="BuiltIn">
<kw name="Should Be Equal" owner="BuiltIn">
<arg>1</arg>
<arg>1</arg>
<doc>Fails if the given objects are unequal.</doc>
<status status="PASS" start="2024-12-03T23:23:39.733566" elapsed="0.000250"/>
</kw>
<msg time="2024-12-03T23:23:39.733968" level="INFO">${status} = True</msg>
<var>${status}</var>
<arg>Should Be Equal</arg>
<arg>1</arg>
<arg>1</arg>
<doc>Runs the given keyword with given arguments and returns the status as a Boolean value.</doc>
<status status="PASS" start="2024-12-03T23:23:39.733293" elapsed="0.000701"/>
</kw>
<kw name="Append To List" owner="Collections">
<arg>${TEST_RESULTS}</arg>
<arg>Test Case 1: ${status}</arg>
<doc>Adds ``values`` to the end of ``list``.</doc>
<status status="PASS" start="2024-12-03T23:23:39.734083" elapsed="0.000147"/>
</kw>
<kw name="Log" owner="BuiltIn">
<msg time="2024-12-03T23:23:39.734426" level="INFO">Test Case 1: True</msg>
<arg>@{TEST_RESULTS}</arg>
<doc>Logs the given message with the given level.</doc>
<status status="PASS" start="2024-12-03T23:23:39.734314" elapsed="0.000141"/>
</kw>
<status status="PASS" start="2024-12-03T23:23:37.490113" elapsed="2.244430"/>
</kw>
<kw name="login success">
<kw name="Input Text" owner="SeleniumLibrary">
<msg time="2024-12-03T23:23:39.735696" level="INFO">Typing text 'standard_user' into text field 'id=user-name'.</msg>
<arg>id=user-name</arg>
<arg>${username}</arg>
<doc>Types the given ``text`` into the text field identified by ``locator``.</doc>
<status status="PASS" start="2024-12-03T23:23:39.735206" elapsed="0.206898"/>
</kw>
<kw name="Input Password" owner="SeleniumLibrary">
<msg time="2024-12-03T23:23:39.942467" level="INFO">Typing password into text field 'id=password'.</msg>
<msg time="2024-12-03T23:23:39.968927" level="INFO">Temporally setting log level to: NONE</msg>
<arg>id=password</arg>
<arg>${password}</arg>
<doc>Types the given password into the text field identified by ``locator``.</doc>
<status status="PASS" start="2024-12-03T23:23:39.942277" elapsed="0.068442"/>
</kw>
<kw name="Click Button" owner="SeleniumLibrary">
<msg time="2024-12-03T23:23:40.011416" level="INFO">Clicking button 'id=login-button'.</msg>
<arg>id=login-button</arg>
<doc>Clicks the button identified by ``locator``.</doc>
<status status="PASS" start="2024-12-03T23:23:40.011077" elapsed="0.082769"/>
</kw>
<kw name="Page Should Contain" owner="SeleniumLibrary">
<msg time="2024-12-03T23:23:40.112194" level="INFO">Current page contains text 'Products'.</msg>
<arg>Products</arg>
<doc>Verifies that current page contains ``text``.</doc>
<status status="PASS" start="2024-12-03T23:23:40.094268" elapsed="0.018132"/>
</kw>
<status status="PASS" start="2024-12-03T23:23:39.734910" elapsed="0.377681"/>
</kw>
<status status="PASS" start="2024-12-03T23:23:37.489750" elapsed="2.623115"/>
</test>
<test id="s1-t2" name="get something to cart" line="124">
<kw name="check cart0">
<kw name="Log To Console" owner="BuiltIn">
<arg>Verify that there is nothing on a cart and overview page</arg>
<doc>Logs the given message to the console.</doc>
<status status="PASS" start="2024-12-03T23:23:40.115460" elapsed="0.000395"/>
</kw>
<kw name="Element Should Not Be Visible" owner="SeleniumLibrary">
<msg time="2024-12-03T23:23:40.127846" level="INFO">Element 'class=shopping_cart_badge' did not exist.</msg>
<arg>class=shopping_cart_badge</arg>
<doc>Verifies that the element identified by ``locator`` is NOT visible.</doc>
<status status="PASS" start="2024-12-03T23:23:40.116092" elapsed="0.011837"/>
</kw>
<kw name="Click Element" owner="SeleniumLibrary">
<msg time="2024-12-03T23:23:40.128340" level="INFO">Clicking element 'class=shopping_cart_link'.</msg>
<arg>class=shopping_cart_link</arg>
<doc>Click the element identified by ``locator``.</doc>
<status status="PASS" start="2024-12-03T23:23:40.128154" elapsed="0.054108"/>
</kw>
<kw name="Page Should Not Contain Element" owner="SeleniumLibrary">
<msg time="2024-12-03T23:23:40.193022" level="INFO">Current page does not contain element 'class=inventory_item_name'.</msg>
<arg>class=inventory_item_name</arg>
<doc>Verifies that element ``locator`` is not found on the current page.</doc>
<status status="PASS" start="2024-12-03T23:23:40.182487" elapsed="0.010662"/>
</kw>
<kw name="Go Back" owner="SeleniumLibrary">
<doc>Simulates the user clicking the back button on their browser.</doc>
<status status="PASS" start="2024-12-03T23:23:40.193389" elapsed="0.012189"/>
</kw>
<status status="PASS" start="2024-12-03T23:23:40.114293" elapsed="0.091441"/>
</kw>
<kw name="pick items to a cart">
<kw name="Evaluate" owner="BuiltIn">
<msg time="2024-12-03T23:23:40.207088" level="INFO">${cart_count} = 1</msg>
<var>${cart_count}</var>
<arg>${cart_count} + 1</arg>
<doc>Evaluates the given expression in Python and returns the result.</doc>
<status status="PASS" start="2024-12-03T23:23:40.206613" elapsed="0.000508"/>
</kw>
<kw name="Set Global Variable" owner="BuiltIn">
<msg time="2024-12-03T23:23:40.207426" level="INFO">${cart_count} = 1</msg>
<arg>${cart_count}</arg>
<doc>Makes a variable available globally in all tests and suites.</doc>
<status status="PASS" start="2024-12-03T23:23:40.207253" elapsed="0.000201"/>
</kw>
<kw name="Click Button" owner="SeleniumLibrary">
<msg time="2024-12-03T23:23:40.207939" level="INFO">Clicking button 'id=add-to-cart-sauce-labs-bolt-t-shirt'.</msg>
<arg>id=${item_id}</arg>
<doc>Clicks the button identified by ``locator``.</doc>
<status status="PASS" start="2024-12-03T23:23:40.207556" elapsed="0.052540"/>
</kw>
<kw name="Log To Console" owner="BuiltIn">
<arg>Cart count after adding: ${cart_count}</arg>
<doc>Logs the given message to the console.</doc>
<status status="PASS" start="2024-12-03T23:23:40.260239" elapsed="0.000170"/>
</kw>
<kw name="Element Should Contain" owner="SeleniumLibrary">
<msg time="2024-12-03T23:23:40.276842" level="INFO">Element 'class=shopping_cart_link' contains text '1'.</msg>
<arg>class=shopping_cart_link</arg>
<arg>${cart_count}</arg>
<doc>Verifies that element ``locator`` contains text ``expected``.</doc>
<status status="PASS" start="2024-12-03T23:23:40.260549" elapsed="0.016362"/>
</kw>
<arg>add-to-cart-sauce-labs-bolt-t-shirt</arg>
<status status="PASS" start="2024-12-03T23:23:40.206192" elapsed="0.070796"/>
</kw>
<kw name="pick items to a cart">
<kw name="Evaluate" owner="BuiltIn">
<msg time="2024-12-03T23:23:40.277625" level="INFO">${cart_count} = 2</msg>
<var>${cart_count}</var>
<arg>${cart_count} + 1</arg>
<doc>Evaluates the given expression in Python and returns the result.</doc>
<status status="PASS" start="2024-12-03T23:23:40.277455" elapsed="0.000190"/>
</kw>
<kw name="Set Global Variable" owner="BuiltIn">
<msg time="2024-12-03T23:23:40.277847" level="INFO">${cart_count} = 2</msg>
<arg>${cart_count}</arg>
<doc>Makes a variable available globally in all tests and suites.</doc>
<status status="PASS" start="2024-12-03T23:23:40.277731" elapsed="0.000162"/>
</kw>
<kw name="Click Button" owner="SeleniumLibrary">
<msg time="2024-12-03T23:23:40.278143" level="INFO">Clicking button 'id=add-to-cart-test.allthethings()-t-shirt-(red)'.</msg>
<arg>id=${item_id}</arg>
<doc>Clicks the button identified by ``locator``.</doc>
<status status="PASS" start="2024-12-03T23:23:40.277977" elapsed="0.049871"/>
</kw>
<kw name="Log To Console" owner="BuiltIn">
<arg>Cart count after adding: ${cart_count}</arg>
<doc>Logs the given message to the console.</doc>
<status status="PASS" start="2024-12-03T23:23:40.328070" elapsed="0.000170"/>
</kw>
<kw name="Element Should Contain" owner="SeleniumLibrary">
<msg time="2024-12-03T23:23:40.339847" level="INFO">Element 'class=shopping_cart_link' contains text '2'.</msg>
<arg>class=shopping_cart_link</arg>
<arg>${cart_count}</arg>
<doc>Verifies that element ``locator`` contains text ``expected``.</doc>
<status status="PASS" start="2024-12-03T23:23:40.328391" elapsed="0.011580"/>
</kw>
<arg>add-to-cart-test.allthethings()-t-shirt-(red)</arg>
<status status="PASS" start="2024-12-03T23:23:40.277206" elapsed="0.062909"/>
</kw>
<kw name="pick items to a cart">
<kw name="Evaluate" owner="BuiltIn">
<msg time="2024-12-03T23:23:40.341047" level="INFO">${cart_count} = 3</msg>
<var>${cart_count}</var>
<arg>${cart_count} + 1</arg>
<doc>Evaluates the given expression in Python and returns the result.</doc>
<status status="PASS" start="2024-12-03T23:23:40.340781" elapsed="0.000290"/>
</kw>
<kw name="Set Global Variable" owner="BuiltIn">
<msg time="2024-12-03T23:23:40.341382" level="INFO">${cart_count} = 3</msg>
<arg>${cart_count}</arg>
<doc>Makes a variable available globally in all tests and suites.</doc>
<status status="PASS" start="2024-12-03T23:23:40.341211" elapsed="0.000205"/>
</kw>
<kw name="Click Button" owner="SeleniumLibrary">
<msg time="2024-12-03T23:23:40.341791" level="INFO">Clicking button 'id=add-to-cart-sauce-labs-backpack'.</msg>
<arg>id=${item_id}</arg>
<doc>Clicks the button identified by ``locator``.</doc>
<status status="PASS" start="2024-12-03T23:23:40.341566" elapsed="0.050527"/>
</kw>
<kw name="Log To Console" owner="BuiltIn">
<arg>Cart count after adding: ${cart_count}</arg>
<doc>Logs the given message to the console.</doc>
<status status="PASS" start="2024-12-03T23:23:40.392259" elapsed="0.000442"/>
</kw>
<kw name="Element Should Contain" owner="SeleniumLibrary">
<msg time="2024-12-03T23:23:40.403600" level="INFO">Element 'class=shopping_cart_link' contains text '3'.</msg>
<arg>class=shopping_cart_link</arg>
<arg>${cart_count}</arg>
<doc>Verifies that element ``locator`` contains text ``expected``.</doc>
<status status="PASS" start="2024-12-03T23:23:40.392884" elapsed="0.010782"/>
</kw>
<arg>add-to-cart-sauce-labs-backpack</arg>
<status status="PASS" start="2024-12-03T23:23:40.340500" elapsed="0.063243"/>
</kw>
<kw name="pick items to a cart">
<kw name="Evaluate" owner="BuiltIn">
<msg time="2024-12-03T23:23:40.404318" level="INFO">${cart_count} = 4</msg>
<var>${cart_count}</var>
<arg>${cart_count} + 1</arg>
<doc>Evaluates the given expression in Python and returns the result.</doc>
<status status="PASS" start="2024-12-03T23:23:40.404148" elapsed="0.000188"/>
</kw>
<kw name="Set Global Variable" owner="BuiltIn">
<msg time="2024-12-03T23:23:40.404526" level="INFO">${cart_count} = 4</msg>
<arg>${cart_count}</arg>
<doc>Makes a variable available globally in all tests and suites.</doc>
<status status="PASS" start="2024-12-03T23:23:40.404412" elapsed="0.000137"/>
</kw>
<kw name="Click Button" owner="SeleniumLibrary">
<msg time="2024-12-03T23:23:40.404857" level="INFO">Clicking button 'id=add-to-cart-sauce-labs-bike-light'.</msg>
<arg>id=${item_id}</arg>
<doc>Clicks the button identified by ``locator``.</doc>
<status status="PASS" start="2024-12-03T23:23:40.404677" elapsed="0.047364"/>
</kw>
<kw name="Log To Console" owner="BuiltIn">
<arg>Cart count after adding: ${cart_count}</arg>
<doc>Logs the given message to the console.</doc>
<status status="PASS" start="2024-12-03T23:23:40.452193" elapsed="0.000228"/>
</kw>
<kw name="Element Should Contain" owner="SeleniumLibrary">
<msg time="2024-12-03T23:23:40.463011" level="INFO">Element 'class=shopping_cart_link' contains text '4'.</msg>
<arg>class=shopping_cart_link</arg>
<arg>${cart_count}</arg>
<doc>Verifies that element ``locator`` contains text ``expected``.</doc>
<status status="PASS" start="2024-12-03T23:23:40.452540" elapsed="0.010553"/>
</kw>
<arg>add-to-cart-sauce-labs-bike-light</arg>
<status status="PASS" start="2024-12-03T23:23:40.403930" elapsed="0.059428"/>
</kw>
<status status="PASS" start="2024-12-03T23:23:40.113407" elapsed="0.350375"/>
</test>
<test id="s1-t3" name="remove something" line="130">
<kw name="remove the fourth item">
<kw name="Log To Console" owner="BuiltIn">
<arg>Verify that users can remove a product</arg>
<doc>Logs the given message to the console.</doc>
<status status="PASS" start="2024-12-03T23:23:40.465329" elapsed="0.000137"/>
</kw>
<kw name="Click Button" owner="SeleniumLibrary">
<msg time="2024-12-03T23:23:40.466009" level="INFO">Clicking button 'id=remove-sauce-labs-bike-light'.</msg>
<arg>id=remove-sauce-labs-bike-light</arg>
<doc>Clicks the button identified by ``locator``.</doc>
<status status="PASS" start="2024-12-03T23:23:40.465638" elapsed="0.046543"/>
</kw>
<kw name="Element Should Contain" owner="SeleniumLibrary">
<msg time="2024-12-03T23:23:40.522569" level="INFO">Element 'class=shopping_cart_link' contains text '3'.</msg>
<arg>class=shopping_cart_link</arg>
<arg>${cart_count-1}</arg>
<doc>Verifies that element ``locator`` contains text ``expected``.</doc>
<status status="PASS" start="2024-12-03T23:23:40.512442" elapsed="0.010231"/>
</kw>
<status status="PASS" start="2024-12-03T23:23:40.464998" elapsed="0.057755"/>
</kw>
<status status="PASS" start="2024-12-03T23:23:40.464464" elapsed="0.058419"/>
</test>
<test id="s1-t4" name="check cart" line="132">
<kw name="check the cart">
<kw name="Click Element" owner="SeleniumLibrary">
<msg time="2024-12-03T23:23:40.523643" level="INFO">Clicking element 'class=shopping_cart_link'.</msg>
<arg>class=shopping_cart_link</arg>
<doc>Click the element identified by ``locator``.</doc>
<status status="PASS" start="2024-12-03T23:23:40.523516" elapsed="0.037977"/>
</kw>
<kw name="Page Should Contain" owner="SeleniumLibrary">
<msg time="2024-12-03T23:23:40.571356" level="INFO">Current page contains text 'Your Cart'.</msg>
<arg>Your Cart</arg>
<doc>Verifies that current page contains ``text``.</doc>
<status status="PASS" start="2024-12-03T23:23:40.561764" elapsed="0.009664"/>
</kw>
<status status="PASS" start="2024-12-03T23:23:40.523272" elapsed="0.048231"/>
</kw>
<kw name="check items in cart">
<kw name="Log To Console" owner="BuiltIn">
<arg>verify that final products are correct</arg>
<doc>Logs the given message to the console.</doc>
<status status="PASS" start="2024-12-03T23:23:40.571927" elapsed="0.000118"/>
</kw>
<kw name="Page Should Contain" owner="SeleniumLibrary">
<msg time="2024-12-03T23:23:40.581654" level="INFO">Current page contains text 'Sauce Labs Bolt T-Shirt'.</msg>
<arg>Sauce Labs Bolt T-Shirt</arg>
<doc>Verifies that current page contains ``text``.</doc>
<status status="PASS" start="2024-12-03T23:23:40.572172" elapsed="0.009725"/>
</kw>
<kw name="Page Should Contain" owner="SeleniumLibrary">
<msg time="2024-12-03T23:23:40.591694" level="INFO">Current page contains text 'Test.allTheThings() T-Shirt (Red)'.</msg>
<arg>Test.allTheThings() T-Shirt (Red)</arg>
<doc>Verifies that current page contains ``text``.</doc>
<status status="PASS" start="2024-12-03T23:23:40.582261" elapsed="0.009500"/>
</kw>
<kw name="Page Should Contain" owner="SeleniumLibrary">
<msg time="2024-12-03T23:23:40.600699" level="INFO">Current page contains text 'Sauce Labs Backpack'.</msg>
<arg>Sauce Labs Backpack</arg>
<doc>Verifies that current page contains ``text``.</doc>
<status status="PASS" start="2024-12-03T23:23:40.591890" elapsed="0.008876"/>
</kw>
<status status="PASS" start="2024-12-03T23:23:40.571683" elapsed="0.029231"/>
</kw>
<status status="PASS" start="2024-12-03T23:23:40.523029" elapsed="0.078064"/>
</test>
<test id="s1-t5" name="check out fail" line="135">
<kw name="check out fail by let every field empty">
<kw name="Log To Console" owner="BuiltIn">
<arg>verify that users can not checkout with filling incomplete data</arg>
<doc>Logs the given message to the console.</doc>
<status status="PASS" start="2024-12-03T23:23:40.601719" elapsed="0.000117"/>
</kw>
<kw name="Click Button" owner="SeleniumLibrary">
<msg time="2024-12-03T23:23:40.602119" level="INFO">Clicking button 'id=checkout'.</msg>
<arg>id=checkout</arg>
<doc>Clicks the button identified by ``locator``.</doc>
<status status="PASS" start="2024-12-03T23:23:40.601990" elapsed="0.056724"/>
</kw>
<kw name="Click Button" owner="SeleniumLibrary">
<msg time="2024-12-03T23:23:40.659125" level="INFO">Clicking button 'id=continue'.</msg>
<arg>id=continue</arg>
<doc>Clicks the button identified by ``locator``.</doc>
<status status="PASS" start="2024-12-03T23:23:40.658921" elapsed="0.053626"/>
</kw>
<kw name="Page Should Contain" owner="SeleniumLibrary">
<msg time="2024-12-03T23:23:40.722030" level="INFO">Current page contains text 'Error: First Name is required'.</msg>
<arg>Error: First Name is required</arg>
<doc>Verifies that current page contains ``text``.</doc>
<status status="PASS" start="2024-12-03T23:23:40.712727" elapsed="0.009379"/>
</kw>
<status status="PASS" start="2024-12-03T23:23:40.601488" elapsed="0.120695"/>
</kw>
<kw name="check out fail by let firstname field empty">
<kw name="Go Back" owner="SeleniumLibrary">
<doc>Simulates the user clicking the back button on their browser.</doc>
<status status="PASS" start="2024-12-03T23:23:40.722554" elapsed="0.004287"/>
</kw>
<kw name="Click Button" owner="SeleniumLibrary">
<msg time="2024-12-03T23:23:40.727529" level="INFO">Clicking button 'id=checkout'.</msg>
<arg>id=checkout</arg>
<doc>Clicks the button identified by ``locator``.</doc>
<status status="PASS" start="2024-12-03T23:23:40.727253" elapsed="0.052676"/>
</kw>
<kw name="Input Text" owner="SeleniumLibrary">
<msg time="2024-12-03T23:23:40.780285" level="INFO">Typing text 'Test' into text field 'id=last-name'.</msg>
<arg>id=last-name</arg>
<arg>${lname}</arg>
<doc>Types the given ``text`` into the text field identified by ``locator``.</doc>
<status status="PASS" start="2024-12-03T23:23:40.780083" elapsed="0.065703"/>
</kw>
<kw name="Input Text" owner="SeleniumLibrary">
<msg time="2024-12-03T23:23:40.846197" level="INFO">Typing text '50000' into text field 'id=postal-code'.</msg>
<arg>id=postal-code</arg>
<arg>${zipcode}</arg>
<doc>Types the given ``text`` into the text field identified by ``locator``.</doc>
<status status="PASS" start="2024-12-03T23:23:40.845962" elapsed="0.056674"/>
</kw>
<kw name="Click Button" owner="SeleniumLibrary">
<msg time="2024-12-03T23:23:40.903228" level="INFO">Clicking button 'id=continue'.</msg>
<arg>id=continue</arg>
<doc>Clicks the button identified by ``locator``.</doc>
<status status="PASS" start="2024-12-03T23:23:40.902860" elapsed="0.050098"/>
</kw>
<kw name="Page Should Contain" owner="SeleniumLibrary">
<msg time="2024-12-03T23:23:40.969289" level="INFO">Current page contains text 'Error: First Name is required'.</msg>
<arg>Error: First Name is required</arg>
<doc>Verifies that current page contains ``text``.</doc>
<status status="PASS" start="2024-12-03T23:23:40.953170" elapsed="0.016319"/>
</kw>
<status status="PASS" start="2024-12-03T23:23:40.722364" elapsed="0.247251"/>
</kw>
<kw name="check out fail by let lastname field empty">
<kw name="Go Back" owner="SeleniumLibrary">
<doc>Simulates the user clicking the back button on their browser.</doc>
<status status="PASS" start="2024-12-03T23:23:40.970415" elapsed="0.009033"/>
</kw>
<kw name="Click Button" owner="SeleniumLibrary">
<msg time="2024-12-03T23:23:40.980267" level="INFO">Clicking button 'id=checkout'.</msg>
<arg>id=checkout</arg>
<doc>Clicks the button identified by ``locator``.</doc>
<status status="PASS" start="2024-12-03T23:23:40.979929" elapsed="0.065591"/>
</kw>
<kw name="Input Text" owner="SeleniumLibrary">
<msg time="2024-12-03T23:23:41.046316" level="INFO">Typing text 'Natty' into text field 'id=first-name'.</msg>
<arg>id=first-name</arg>
<arg>${fname}</arg>
<doc>Types the given ``text`` into the text field identified by ``locator``.</doc>
<status status="PASS" start="2024-12-03T23:23:41.045765" elapsed="0.069045"/>
</kw>
<kw name="Input Text" owner="SeleniumLibrary">
<msg time="2024-12-03T23:23:41.115592" level="INFO">Typing text '50000' into text field 'id=postal-code'.</msg>
<arg>id=postal-code</arg>
<arg>${zipcode}</arg>
<doc>Types the given ``text`` into the text field identified by ``locator``.</doc>
<status status="PASS" start="2024-12-03T23:23:41.115167" elapsed="0.055073"/>
</kw>
<kw name="Click Button" owner="SeleniumLibrary">
<msg time="2024-12-03T23:23:41.170904" level="INFO">Clicking button 'id=continue'.</msg>
<arg>id=continue</arg>
<doc>Clicks the button identified by ``locator``.</doc>
<status status="PASS" start="2024-12-03T23:23:41.170523" elapsed="0.116947"/>
</kw>
<kw name="Page Should Contain" owner="SeleniumLibrary">
<msg time="2024-12-03T23:23:41.344045" level="INFO">Current page contains text 'Error: Last Name is required'.</msg>
<arg>Error: Last Name is required</arg>
<doc>Verifies that current page contains ``text``.</doc>
<status status="PASS" start="2024-12-03T23:23:41.287916" elapsed="0.056251"/>
</kw>
<status status="PASS" start="2024-12-03T23:23:40.970038" elapsed="0.374261"/>
</kw>
<kw name="check out fail by let zipcode field empty">
<kw name="Go Back" owner="SeleniumLibrary">
<doc>Simulates the user clicking the back button on their browser.</doc>
<status status="PASS" start="2024-12-03T23:23:41.345418" elapsed="0.007800"/>
</kw>
<kw name="Click Button" owner="SeleniumLibrary">
<msg time="2024-12-03T23:23:41.353714" level="INFO">Clicking button 'id=checkout'.</msg>
<arg>id=checkout</arg>
<doc>Clicks the button identified by ``locator``.</doc>
<status status="PASS" start="2024-12-03T23:23:41.353513" elapsed="0.057886"/>
</kw>
<kw name="Input Text" owner="SeleniumLibrary">
<msg time="2024-12-03T23:23:41.411863" level="INFO">Typing text 'Natty' into text field 'id=first-name'.</msg>
<arg>id=first-name</arg>
<arg>${fname}</arg>
<doc>Types the given ``text`` into the text field identified by ``locator``.</doc>
<status status="PASS" start="2024-12-03T23:23:41.411627" elapsed="0.061427"/>
</kw>
<kw name="Input Text" owner="SeleniumLibrary">
<msg time="2024-12-03T23:23:41.473441" level="INFO">Typing text 'Test' into text field 'id=last-name'.</msg>
<arg>id=last-name</arg>
<arg>${lname}</arg>
<doc>Types the given ``text`` into the text field identified by ``locator``.</doc>
<status status="PASS" start="2024-12-03T23:23:41.473232" elapsed="0.050427"/>
</kw>
<kw name="Click Button" owner="SeleniumLibrary">
<msg time="2024-12-03T23:23:41.524009" level="INFO">Clicking button 'id=continue'.</msg>
<arg>id=continue</arg>
<doc>Clicks the button identified by ``locator``.</doc>
<status status="PASS" start="2024-12-03T23:23:41.523824" elapsed="0.047685"/>
</kw>
<kw name="Page Should Contain" owner="SeleniumLibrary">
<msg time="2024-12-03T23:23:41.582673" level="INFO">Current page contains text 'Error: Postal Code is required'.</msg>
<arg>Error: Postal Code is required</arg>
<doc>Verifies that current page contains ``text``.</doc>
<status status="PASS" start="2024-12-03T23:23:41.571684" elapsed="0.011079"/>
</kw>
<status status="PASS" start="2024-12-03T23:23:41.344978" elapsed="0.237949"/>
</kw>
<status status="PASS" start="2024-12-03T23:23:40.601253" elapsed="0.981930"/>
</test>
<test id="s1-t6" name="check out success" line="140">
<kw name="check out success">
<kw name="Log To Console" owner="BuiltIn">
<arg>Veify that users can checkout when fill complete data</arg>
<doc>Logs the given message to the console.</doc>
<status status="PASS" start="2024-12-03T23:23:41.584245" elapsed="0.000210"/>
</kw>
<kw name="Wait Until Page Contains" owner="SeleniumLibrary">
<arg>Checkout: Your Information</arg>
<doc>Waits until ``text`` appears on the current page.</doc>
<status status="PASS" start="2024-12-03T23:23:41.584606" elapsed="0.010204"/>
</kw>
<kw name="Input Text" owner="SeleniumLibrary">
<msg time="2024-12-03T23:23:41.595258" level="INFO">Typing text 'Natty' into text field 'id=first-name'.</msg>
<arg>id=first-name</arg>
<arg>${fname}</arg>
<doc>Types the given ``text`` into the text field identified by ``locator``.</doc>
<status status="PASS" start="2024-12-03T23:23:41.595036" elapsed="0.060138"/>
</kw>
<kw name="Input Text" owner="SeleniumLibrary">
<msg time="2024-12-03T23:23:41.656087" level="INFO">Typing text 'Test' into text field 'id=last-name'.</msg>
<arg>id=last-name</arg>
<arg>${lname}</arg>
<doc>Types the given ``text`` into the text field identified by ``locator``.</doc>
<status status="PASS" start="2024-12-03T23:23:41.655792" elapsed="0.056421"/>
</kw>
<kw name="Input Text" owner="SeleniumLibrary">
<msg time="2024-12-03T23:23:41.712618" level="INFO">Typing text '50000' into text field 'id=postal-code'.</msg>
<arg>id=postal-code</arg>
<arg>${zipcode}</arg>
<doc>Types the given ``text`` into the text field identified by ``locator``.</doc>
<status status="PASS" start="2024-12-03T23:23:41.712383" elapsed="0.053276"/>
</kw>
<status status="PASS" start="2024-12-03T23:23:41.584033" elapsed="0.181775"/>
</kw>
<status status="PASS" start="2024-12-03T23:23:41.583727" elapsed="0.182444"/>
</test>
<test id="s1-t7" name="overview" line="142">
<kw name="overview">
<kw name="Click Button" owner="SeleniumLibrary">
<msg time="2024-12-03T23:23:41.767213" level="INFO">Clicking button 'id=continue'.</msg>
<arg>id=continue</arg>
<doc>Clicks the button identified by ``locator``.</doc>
<status status="PASS" start="2024-12-03T23:23:41.767066" elapsed="0.054190"/>
</kw>
<kw name="Wait Until Page Contains" owner="SeleniumLibrary">
<arg>Checkout: Overview</arg>
<doc>Waits until ``text`` appears on the current page.</doc>
<status status="PASS" start="2024-12-03T23:23:41.821787" elapsed="0.017129"/>
</kw>
<status status="PASS" start="2024-12-03T23:23:41.766844" elapsed="0.072199"/>
</kw>
<kw name="check items in cart">
<kw name="Log To Console" owner="BuiltIn">
<arg>verify that final products are correct</arg>
<doc>Logs the given message to the console.</doc>
<status status="PASS" start="2024-12-03T23:23:41.839635" elapsed="0.000194"/>
</kw>
<kw name="Page Should Contain" owner="SeleniumLibrary">
<msg time="2024-12-03T23:23:41.848337" level="INFO">Current page contains text 'Sauce Labs Bolt T-Shirt'.</msg>
<arg>Sauce Labs Bolt T-Shirt</arg>
<doc>Verifies that current page contains ``text``.</doc>
<status status="PASS" start="2024-12-03T23:23:41.839967" elapsed="0.008451"/>
</kw>
<kw name="Page Should Contain" owner="SeleniumLibrary">
<msg time="2024-12-03T23:23:41.858610" level="INFO">Current page contains text 'Test.allTheThings() T-Shirt (Red)'.</msg>
<arg>Test.allTheThings() T-Shirt (Red)</arg>
<doc>Verifies that current page contains ``text``.</doc>
<status status="PASS" start="2024-12-03T23:23:41.848602" elapsed="0.010099"/>
</kw>
<kw name="Page Should Contain" owner="SeleniumLibrary">
<msg time="2024-12-03T23:23:41.866390" level="INFO">Current page contains text 'Sauce Labs Backpack'.</msg>
<arg>Sauce Labs Backpack</arg>
<doc>Verifies that current page contains ``text``.</doc>
<status status="PASS" start="2024-12-03T23:23:41.858851" elapsed="0.007612"/>
</kw>
<status status="PASS" start="2024-12-03T23:23:41.839389" elapsed="0.027191"/>
</kw>
<status status="PASS" start="2024-12-03T23:23:41.766474" elapsed="0.100247"/>
</test>
<test id="s1-t8" name="final step" line="145">
<kw name="finish">
<kw name="Click Button" owner="SeleniumLibrary">
<msg time="2024-12-03T23:23:41.867735" level="INFO">Clicking button 'id=finish'.</msg>
<arg>id=finish</arg>
<doc>Clicks the button identified by ``locator``.</doc>
<status status="PASS" start="2024-12-03T23:23:41.867540" elapsed="0.057705"/>
</kw>
<kw name="Page Should Contain" owner="SeleniumLibrary">
<msg time="2024-12-03T23:23:41.936750" level="INFO">Current page contains text 'Thank you for your order!'.</msg>
<arg>Thank you for your order!</arg>
<doc>Verifies that current page contains ``text``.</doc>
<status status="PASS" start="2024-12-03T23:23:41.925605" elapsed="0.011219"/>
</kw>
<status status="PASS" start="2024-12-03T23:23:41.867335" elapsed="0.069569"/>
</kw>
<status status="PASS" start="2024-12-03T23:23:41.866937" elapsed="0.070166"/>
</test>
<status status="PASS" start="2024-12-03T23:23:37.365352" elapsed="4.572280"/>
</suite>
<statistics>
<total>
<stat pass="8" fail="0" skip="0">All Tests</stat>
</total>
<tag>
</tag>
<suite>
<stat pass="8" fail="0" skip="0" id="s1" name="Shopping Test">Shopping Test</stat>
</suite>
</statistics>
<errors>
</errors>
</robot>
