<?xml version="1.0" encoding="UTF-8"?>
<robot generator="Robot 7.0 (Python 3.12.3 on darwin)" generated="2024-12-03T00:05:32.046790" rpa="false" schemaversion="5">
<suite id="s1" name="Shopping Test" source="/Users/natty/Documents/test1/aperture/shopping_test.robot">
<test id="s1-t1" name="first page" line="118">
<kw name="go to website">
<kw name="Open Browser" owner="SeleniumLibrary">
<msg time="2024-12-03T00:05:32.140064" level="INFO">Opening browser 'chrome' to base url 'https://www.saucedemo.com/'.</msg>
<arg>https://www.saucedemo.com/</arg>
<arg>chrome</arg>
<doc>Opens a new browser instance to the optional ``url``.</doc>
<status status="PASS" start="2024-12-03T00:05:32.139943" elapsed="1.691088"/>
</kw>
<kw name="Maximize Browser Window" owner="SeleniumLibrary">
<doc>Maximizes current browser window.</doc>
<status status="PASS" start="2024-12-03T00:05:33.832546" elapsed="0.317999"/>
</kw>
<kw name="Run Keyword And Return Status" owner="BuiltIn">
<kw name="Should Be Equal" owner="BuiltIn">
<arg>1</arg>
<arg>1</arg>
<doc>Fails if the given objects are unequal.</doc>
<status status="PASS" start="2024-12-03T00:05:34.151084" elapsed="0.000272"/>
</kw>
<msg time="2024-12-03T00:05:34.151800" level="INFO">${status} = True</msg>
<var>${status}</var>
<arg>Should Be Equal</arg>
<arg>1</arg>
<arg>1</arg>
<doc>Runs the given keyword with given arguments and returns the status as a Boolean value.</doc>
<status status="PASS" start="2024-12-03T00:05:34.150803" elapsed="0.001053"/>
</kw>
<kw name="Append To List" owner="Collections">
<arg>${TEST_RESULTS}</arg>
<arg>Test Case 1: ${status}</arg>
<doc>Adds ``values`` to the end of ``list``.</doc>
<status status="PASS" start="2024-12-03T00:05:34.152129" elapsed="0.000331"/>
</kw>
<kw name="Log" owner="BuiltIn">
<msg time="2024-12-03T00:05:34.152891" level="INFO">Test Case 1: True</msg>
<arg>@{TEST_RESULTS}</arg>
<doc>Logs the given message with the given level.</doc>
<status status="PASS" start="2024-12-03T00:05:34.152630" elapsed="0.000299"/>
</kw>
<status status="PASS" start="2024-12-03T00:05:32.139428" elapsed="2.013651"/>
</kw>
<kw name="login success">
<kw name="Input Text" owner="SeleniumLibrary">
<msg time="2024-12-03T00:05:34.156937" level="INFO">Typing text 'standard_user' into text field 'id=user-name'.</msg>
<arg>id=user-name</arg>
<arg>${username}</arg>
<doc>Types the given ``text`` into the text field identified by ``locator``.</doc>
<status status="PASS" start="2024-12-03T00:05:34.155176" elapsed="0.145647"/>
</kw>
<kw name="Input Password" owner="SeleniumLibrary">
<msg time="2024-12-03T00:05:34.301093" level="INFO">Typing password into text field 'id=password'.</msg>
<msg time="2024-12-03T00:05:34.336221" level="INFO">Temporally setting log level to: NONE</msg>
<arg>id=password</arg>
<arg>${password}</arg>
<doc>Types the given password into the text field identified by ``locator``.</doc>
<status status="PASS" start="2024-12-03T00:05:34.300953" elapsed="0.058376"/>
</kw>
<kw name="Click Button" owner="SeleniumLibrary">
<msg time="2024-12-03T00:05:34.359623" level="INFO">Clicking button 'id=login-button'.</msg>
<arg>id=login-button</arg>
<doc>Clicks the button identified by ``locator``.</doc>
<status status="PASS" start="2024-12-03T00:05:34.359495" elapsed="0.059311"/>
</kw>
<kw name="Page Should Contain" owner="SeleniumLibrary">
<msg time="2024-12-03T00:05:34.432172" level="INFO">Current page contains text 'Products'.</msg>
<arg>Products</arg>
<doc>Verifies that current page contains ``text``.</doc>
<status status="PASS" start="2024-12-03T00:05:34.419284" elapsed="0.012946"/>
</kw>
<status status="PASS" start="2024-12-03T00:05:34.154202" elapsed="0.278144"/>
</kw>
<status status="PASS" start="2024-12-03T00:05:32.139048" elapsed="2.293534"/>
</test>
<test id="s1-t2" name="get something to cart" line="125">
<kw name="pick first item to cart">
<kw name="Click Button" owner="SeleniumLibrary">
<msg time="2024-12-03T00:05:34.433781" level="INFO">Clicking button 'id=add-to-cart-sauce-labs-bolt-t-shirt'.</msg>
<arg>id=add-to-cart-sauce-labs-bolt-t-shirt</arg>
<doc>Clicks the button identified by ``locator``.</doc>
<status status="PASS" start="2024-12-03T00:05:34.433469" elapsed="0.052080"/>
</kw>
<kw name="Element Should Contain" owner="SeleniumLibrary">
<msg time="2024-12-03T00:05:34.499043" level="INFO">Element 'class=shopping_cart_link' contains text '1'.</msg>
<arg>class=shopping_cart_link</arg>
<arg>1</arg>
<doc>Verifies that element ``locator`` contains text ``expected``.</doc>
<status status="PASS" start="2024-12-03T00:05:34.485814" elapsed="0.013283"/>
</kw>
<status status="PASS" start="2024-12-03T00:05:34.433259" elapsed="0.065898"/>
</kw>
<kw name="pick second item to cart">
<kw name="Scroll Element Into View" owner="SeleniumLibrary">
<arg>id=item_3_img_link</arg>
<doc>Scrolls the element identified by ``locator`` into view.</doc>
<status status="PASS" start="2024-12-03T00:05:34.499560" elapsed="0.270816"/>
</kw>
<kw name="Click Button" owner="SeleniumLibrary">
<msg time="2024-12-03T00:05:34.770693" level="INFO">Clicking button 'name=add-to-cart-test.allthethings()-t-shirt-(red)'.</msg>
<arg>name=add-to-cart-test.allthethings()-t-shirt-(red)</arg>
<doc>Clicks the button identified by ``locator``.</doc>
<status status="PASS" start="2024-12-03T00:05:34.770555" elapsed="0.033407"/>
</kw>
<kw name="Element Should Contain" owner="SeleniumLibrary">
<msg time="2024-12-03T00:05:34.811937" level="INFO">Element 'class=shopping_cart_link' contains text '2'.</msg>
<arg>class=shopping_cart_link</arg>
<arg>2</arg>
<doc>Verifies that element ``locator`` contains text ``expected``.</doc>
<status status="PASS" start="2024-12-03T00:05:34.804117" elapsed="0.007883"/>
</kw>
<status status="PASS" start="2024-12-03T00:05:34.499294" elapsed="0.312787"/>
</kw>
<kw name="pick third item to cart">
<kw name="Scroll Element Into View" owner="SeleniumLibrary">
<arg>class=inventory_item_img</arg>
<doc>Scrolls the element identified by ``locator`` into view.</doc>
<status status="PASS" start="2024-12-03T00:05:34.812510" elapsed="0.261915"/>
</kw>
<kw name="Click Button" owner="SeleniumLibrary">
<msg time="2024-12-03T00:05:35.074652" level="INFO">Clicking button 'name=add-to-cart-sauce-labs-backpack'.</msg>
<arg>name=add-to-cart-sauce-labs-backpack</arg>
<doc>Clicks the button identified by ``locator``.</doc>
<status status="PASS" start="2024-12-03T00:05:35.074544" elapsed="0.033558"/>
</kw>
<kw name="Element Should Contain" owner="SeleniumLibrary">
<msg time="2024-12-03T00:05:35.115395" level="INFO">Element 'class=shopping_cart_link' contains text '3'.</msg>
<arg>class=shopping_cart_link</arg>
<arg>3</arg>
<doc>Verifies that element ``locator`` contains text ``expected``.</doc>
<status status="PASS" start="2024-12-03T00:05:35.108225" elapsed="0.007228"/>
</kw>
<status status="PASS" start="2024-12-03T00:05:34.812348" elapsed="0.303165"/>
</kw>
<kw name="pick fourth item to cart">
<kw name="Click Button" owner="SeleniumLibrary">
<msg time="2024-12-03T00:05:35.115984" level="INFO">Clicking button 'name=add-to-cart-sauce-labs-bike-light'.</msg>
<arg>name=add-to-cart-sauce-labs-bike-light</arg>
<doc>Clicks the button identified by ``locator``.</doc>
<status status="PASS" start="2024-12-03T00:05:35.115805" elapsed="0.037637"/>
</kw>
<kw name="Element Should Contain" owner="SeleniumLibrary">
<msg time="2024-12-03T00:05:35.160301" level="INFO">Element 'class=shopping_cart_link' contains text '4'.</msg>
<arg>class=shopping_cart_link</arg>
<arg>4</arg>
<doc>Verifies that element ``locator`` contains text ``expected``.</doc>
<status status="PASS" start="2024-12-03T00:05:35.153555" elapsed="0.006811"/>
</kw>
<status status="PASS" start="2024-12-03T00:05:35.115653" elapsed="0.044772"/>
</kw>
<status status="PASS" start="2024-12-03T00:05:34.432923" elapsed="0.727620"/>
</test>
<test id="s1-t3" name="remove something" line="131">
<kw name="remove the fourth item">
<kw name="Click Button" owner="SeleniumLibrary">
<msg time="2024-12-03T00:05:35.161134" level="INFO">Clicking button 'id=remove-sauce-labs-bike-light'.</msg>
<arg>id=remove-sauce-labs-bike-light</arg>
<doc>Clicks the button identified by ``locator``.</doc>
<status status="PASS" start="2024-12-03T00:05:35.161051" elapsed="0.032850"/>
</kw>
<kw name="Element Should Contain" owner="SeleniumLibrary">
<msg time="2024-12-03T00:05:35.201843" level="INFO">Element 'class=shopping_cart_link' contains text '3'.</msg>
<arg>class=shopping_cart_link</arg>
<arg>3</arg>
<doc>Verifies that element ``locator`` contains text ``expected``.</doc>
<status status="PASS" start="2024-12-03T00:05:35.194081" elapsed="0.007820"/>
</kw>
<status status="PASS" start="2024-12-03T00:05:35.160913" elapsed="0.041048"/>
</kw>
<status status="PASS" start="2024-12-03T00:05:35.160682" elapsed="0.041369"/>
</test>
<test id="s1-t4" name="check cart" line="133">
<kw name="check the cart">
<kw name="Click Element" owner="SeleniumLibrary">
<msg time="2024-12-03T00:05:35.202628" level="INFO">Clicking element 'class=shopping_cart_link'.</msg>
<arg>class=shopping_cart_link</arg>
<doc>Click the element identified by ``locator``.</doc>
<status status="PASS" start="2024-12-03T00:05:35.202533" elapsed="0.034123"/>
</kw>
<kw name="Page Should Contain" owner="SeleniumLibrary">
<msg time="2024-12-03T00:05:35.245035" level="INFO">Current page contains text 'Your Cart'.</msg>
<arg>Your Cart</arg>
<doc>Verifies that current page contains ``text``.</doc>
<status status="PASS" start="2024-12-03T00:05:35.237194" elapsed="0.007897"/>
</kw>
<status status="PASS" start="2024-12-03T00:05:35.202398" elapsed="0.042749"/>
</kw>
<kw name="check items in cart">
<kw name="Page Should Contain" owner="SeleniumLibrary">
<msg time="2024-12-03T00:05:35.251949" level="INFO">Current page contains text 'Sauce Labs Bolt T-Shirt'.</msg>
<arg>Sauce Labs Bolt T-Shirt</arg>
<doc>Verifies that current page contains ``text``.</doc>
<status status="PASS" start="2024-12-03T00:05:35.245494" elapsed="0.006544"/>
</kw>
<kw name="Page Should Contain" owner="SeleniumLibrary">
<msg time="2024-12-03T00:05:35.259306" level="INFO">Current page contains text 'Test.allTheThings() T-Shirt (Red)'.</msg>
<arg>Test.allTheThings() T-Shirt (Red)</arg>
<doc>Verifies that current page contains ``text``.</doc>
<status status="PASS" start="2024-12-03T00:05:35.252283" elapsed="0.007098"/>
</kw>
<kw name="Page Should Contain" owner="SeleniumLibrary">
<msg time="2024-12-03T00:05:35.265579" level="INFO">Current page contains text 'Sauce Labs Backpack'.</msg>
<arg>Sauce Labs Backpack</arg>
<doc>Verifies that current page contains ``text``.</doc>
<status status="PASS" start="2024-12-03T00:05:35.259500" elapsed="0.006147"/>
</kw>
<status status="PASS" start="2024-12-03T00:05:35.245283" elapsed="0.020421"/>
</kw>
<status status="PASS" start="2024-12-03T00:05:35.202149" elapsed="0.063646"/>
</test>
<test id="s1-t5" name="check out fail" line="136">
<kw name="check out fail by let every field empty">
<kw name="Click Button" owner="SeleniumLibrary">
<msg time="2024-12-03T00:05:35.266377" level="INFO">Clicking button 'id=checkout'.</msg>
<arg>id=checkout</arg>
<doc>Clicks the button identified by ``locator``.</doc>
<status status="PASS" start="2024-12-03T00:05:35.266287" elapsed="0.039426"/>
</kw>
<kw name="Click Button" owner="SeleniumLibrary">
<msg time="2024-12-03T00:05:35.305949" level="INFO">Clicking button 'id=continue'.</msg>
<arg>id=continue</arg>
<doc>Clicks the button identified by ``locator``.</doc>
<status status="PASS" start="2024-12-03T00:05:35.305832" elapsed="0.044894"/>
</kw>
<kw name="Page Should Contain" owner="SeleniumLibrary">
<msg time="2024-12-03T00:05:35.357660" level="INFO">Current page contains text 'Error: First Name is required'.</msg>
<arg>Error: First Name is required</arg>
<doc>Verifies that current page contains ``text``.</doc>
<status status="PASS" start="2024-12-03T00:05:35.350845" elapsed="0.006991"/>
</kw>
<status status="PASS" start="2024-12-03T00:05:35.266125" elapsed="0.091841"/>
</kw>
<kw name="check out fail by let firstname field empty">
<kw name="Go Back" owner="SeleniumLibrary">
<doc>Simulates the user clicking the back button on their browser.</doc>
<status status="PASS" start="2024-12-03T00:05:35.358279" elapsed="0.004466"/>
</kw>
<kw name="Click Button" owner="SeleniumLibrary">
<msg time="2024-12-03T00:05:35.363007" level="INFO">Clicking button 'id=checkout'.</msg>
<arg>id=checkout</arg>
<doc>Clicks the button identified by ``locator``.</doc>
<status status="PASS" start="2024-12-03T00:05:35.362890" elapsed="0.036927"/>
</kw>
<kw name="Input Text" owner="SeleniumLibrary">
<msg time="2024-12-03T00:05:35.400215" level="INFO">Typing text 'Test' into text field 'id=last-name'.</msg>
<arg>id=last-name</arg>
<arg>${lname}</arg>
<doc>Types the given ``text`` into the text field identified by ``locator``.</doc>
<status status="PASS" start="2024-12-03T00:05:35.399980" elapsed="0.039143"/>
</kw>
<kw name="Input Text" owner="SeleniumLibrary">
<msg time="2024-12-03T00:05:35.439382" level="INFO">Typing text '50000' into text field 'id=postal-code'.</msg>
<arg>id=postal-code</arg>
<arg>${zipcode}</arg>
<doc>Types the given ``text`` into the text field identified by ``locator``.</doc>
<status status="PASS" start="2024-12-03T00:05:35.439240" elapsed="0.034785"/>
</kw>
<kw name="Click Button" owner="SeleniumLibrary">
<msg time="2024-12-03T00:05:35.474411" level="INFO">Clicking button 'id=continue'.</msg>
<arg>id=continue</arg>
<doc>Clicks the button identified by ``locator``.</doc>
<status status="PASS" start="2024-12-03T00:05:35.474269" elapsed="0.030861"/>
</kw>
<kw name="Page Should Contain" owner="SeleniumLibrary">
<msg time="2024-12-03T00:05:35.510025" level="INFO">Current page contains text 'Error: First Name is required'.</msg>
<arg>Error: First Name is required</arg>
<doc>Verifies that current page contains ``text``.</doc>
<status status="PASS" start="2024-12-03T00:05:35.505326" elapsed="0.004749"/>
</kw>
<status status="PASS" start="2024-12-03T00:05:35.358129" elapsed="0.151999"/>
</kw>
<kw name="check out fail by let lastname field empty">
<kw name="Go Back" owner="SeleniumLibrary">
<doc>Simulates the user clicking the back button on their browser.</doc>
<status status="PASS" start="2024-12-03T00:05:35.510395" elapsed="0.004582"/>
</kw>
<kw name="Click Button" owner="SeleniumLibrary">
<msg time="2024-12-03T00:05:35.515457" level="INFO">Clicking button 'id=checkout'.</msg>
<arg>id=checkout</arg>
<doc>Clicks the button identified by ``locator``.</doc>
<status status="PASS" start="2024-12-03T00:05:35.515312" elapsed="0.040867"/>
</kw>
<kw name="Input Text" owner="SeleniumLibrary">
<msg time="2024-12-03T00:05:35.556614" level="INFO">Typing text 'Natty' into text field 'id=first-name'.</msg>
<arg>id=first-name</arg>
<arg>${fname}</arg>
<doc>Types the given ``text`` into the text field identified by ``locator``.</doc>
<status status="PASS" start="2024-12-03T00:05:35.556344" elapsed="0.039608"/>
</kw>
<kw name="Input Text" owner="SeleniumLibrary">
<msg time="2024-12-03T00:05:35.596215" level="INFO">Typing text '50000' into text field 'id=postal-code'.</msg>
<arg>id=postal-code</arg>
<arg>${zipcode}</arg>
<doc>Types the given ``text`` into the text field identified by ``locator``.</doc>
<status status="PASS" start="2024-12-03T00:05:35.596060" elapsed="0.031557"/>
</kw>
<kw name="Click Button" owner="SeleniumLibrary">
<msg time="2024-12-03T00:05:35.627837" level="INFO">Clicking button 'id=continue'.</msg>
<arg>id=continue</arg>
<doc>Clicks the button identified by ``locator``.</doc>
<status status="PASS" start="2024-12-03T00:05:35.627733" elapsed="0.030110"/>
</kw>
<kw name="Page Should Contain" owner="SeleniumLibrary">
<msg time="2024-12-03T00:05:35.664275" level="INFO">Current page contains text 'Error: Last Name is required'.</msg>
<arg>Error: Last Name is required</arg>
<doc>Verifies that current page contains ``text``.</doc>
<status status="PASS" start="2024-12-03T00:05:35.657969" elapsed="0.006383"/>
</kw>
<status status="PASS" start="2024-12-03T00:05:35.510258" elapsed="0.154161"/>
</kw>
<kw name="check out fail by let zipcode field empty">
<kw name="Go Back" owner="SeleniumLibrary">
<doc>Simulates the user clicking the back button on their browser.</doc>
<status status="PASS" start="2024-12-03T00:05:35.664743" elapsed="0.004914"/>
</kw>
<kw name="Click Button" owner="SeleniumLibrary">
<msg time="2024-12-03T00:05:35.669995" level="INFO">Clicking button 'id=checkout'.</msg>
<arg>id=checkout</arg>
<doc>Clicks the button identified by ``locator``.</doc>
<status status="PASS" start="2024-12-03T00:05:35.669775" elapsed="0.038356"/>
</kw>
<kw name="Input Text" owner="SeleniumLibrary">
<msg time="2024-12-03T00:05:35.708517" level="INFO">Typing text 'Natty' into text field 'id=first-name'.</msg>
<arg>id=first-name</arg>
<arg>${fname}</arg>
<doc>Types the given ``text`` into the text field identified by ``locator``.</doc>
<status status="PASS" start="2024-12-03T00:05:35.708370" elapsed="0.034993"/>
</kw>
<kw name="Input Text" owner="SeleniumLibrary">
<msg time="2024-12-03T00:05:35.743665" level="INFO">Typing text 'Test' into text field 'id=last-name'.</msg>
<arg>id=last-name</arg>
<arg>${lname}</arg>
<doc>Types the given ``text`` into the text field identified by ``locator``.</doc>
<status status="PASS" start="2024-12-03T00:05:35.743518" elapsed="0.032988"/>
</kw>
<kw name="Click Button" owner="SeleniumLibrary">
<msg time="2024-12-03T00:05:35.776803" level="INFO">Clicking button 'id=continue'.</msg>
<arg>id=continue</arg>
<doc>Clicks the button identified by ``locator``.</doc>
<status status="PASS" start="2024-12-03T00:05:35.776688" elapsed="0.033040"/>
</kw>
<kw name="Page Should Contain" owner="SeleniumLibrary">
<msg time="2024-12-03T00:05:35.816807" level="INFO">Current page contains text 'Error: Postal Code is required'.</msg>
<arg>Error: Postal Code is required</arg>
<doc>Verifies that current page contains ``text``.</doc>
<status status="PASS" start="2024-12-03T00:05:35.809841" elapsed="0.007035"/>
</kw>
<status status="PASS" start="2024-12-03T00:05:35.664580" elapsed="0.152357"/>
</kw>
<status status="PASS" start="2024-12-03T00:05:35.265886" elapsed="0.551201"/>
</test>
<test id="s1-t6" name="check out success" line="141">
<kw name="check out success">
<kw name="Wait Until Page Contains" owner="SeleniumLibrary">
<arg>Checkout: Your Information</arg>
<doc>Waits until ``text`` appears on the current page.</doc>
<status status="PASS" start="2024-12-03T00:05:35.817632" elapsed="0.006966"/>
</kw>
<kw name="Input Text" owner="SeleniumLibrary">
<msg time="2024-12-03T00:05:35.824927" level="INFO">Typing text 'Natty' into text field 'id=first-name'.</msg>
<arg>id=first-name</arg>
<arg>${fname}</arg>
<doc>Types the given ``text`` into the text field identified by ``locator``.</doc>
<status status="PASS" start="2024-12-03T00:05:35.824715" elapsed="0.036911"/>
</kw>
<kw name="Input Text" owner="SeleniumLibrary">
<msg time="2024-12-03T00:05:35.861910" level="INFO">Typing text 'Test' into text field 'id=last-name'.</msg>
<arg>id=last-name</arg>
<arg>${lname}</arg>
<doc>Types the given ``text`` into the text field identified by ``locator``.</doc>
<status status="PASS" start="2024-12-03T00:05:35.861739" elapsed="0.033863"/>
</kw>
<kw name="Input Text" owner="SeleniumLibrary">
<msg time="2024-12-03T00:05:35.895882" level="INFO">Typing text '50000' into text field 'id=postal-code'.</msg>
<arg>id=postal-code</arg>
<arg>${zipcode}</arg>
<doc>Types the given ``text`` into the text field identified by ``locator``.</doc>
<status status="PASS" start="2024-12-03T00:05:35.895709" elapsed="0.033708"/>
</kw>
<status status="PASS" start="2024-12-03T00:05:35.817493" elapsed="0.111995"/>
</kw>
<status status="PASS" start="2024-12-03T00:05:35.817254" elapsed="0.112450"/>
</test>
<status status="PASS" start="2024-12-03T00:05:32.047380" elapsed="3.882742"/>
</suite>
<statistics>
<total>
<stat pass="6" fail="0" skip="0">All Tests</stat>
</total>
<tag>
</tag>
<suite>
<stat pass="6" fail="0" skip="0" id="s1" name="Shopping Test">Shopping Test</stat>
</suite>
</statistics>
<errors>
</errors>
</robot>
